This is pdfTeX, Version 3.14159265-2.6-1.40.21 (TeX Live 2020) (preloaded format=pdflatex 2020.7.9)  9 JUL 2020 15:07
entering extended mode
 restricted \write18 enabled.
 %&-line parsing enabled.
**onlineShoppingAndSalesTax.tex
(./onlineShoppingAndSalesTax.tex
LaTeX2e <2020-02-02> patch level 5
L3 programming layer <2020-06-18>
(/home/mallick/.TinyTeX/texmf-dist/tex/latex/AEA/AEA.cls
Document Class: AEA 2011/07/24 American Economic Association Article Classes
(/home/mallick/.TinyTeX/texmf-dist/tex/latex/tools/multicol.sty
Package: multicol 2019/12/09 v1.8y multicolumn formatting (FMi)
\c@tracingmulticols=\count167
\mult@box=\box45
\multicol@leftmargin=\dimen134
\c@unbalance=\count168
\c@collectmore=\count169
\doublecol@number=\count170
\multicoltolerance=\count171
\multicolpretolerance=\count172
\full@width=\dimen135
\page@free=\dimen136
\premulticols=\dimen137
\postmulticols=\dimen138
\multicolsep=\skip47
\multicolbaselineskip=\skip48
\partial@page=\box46
\last@line=\box47
\maxbalancingoverflow=\dimen139
\mult@rightbox=\box48
\mult@grightbox=\box49
\mult@gfirstbox=\box50
\mult@firstbox=\box51
\@tempa=\box52
\@tempa=\box53
\@tempa=\box54
\@tempa=\box55
\@tempa=\box56
\@tempa=\box57
\@tempa=\box58
\@tempa=\box59
\@tempa=\box60
\@tempa=\box61
\@tempa=\box62
\@tempa=\box63
\@tempa=\box64
\@tempa=\box65
\@tempa=\box66
\@tempa=\box67
\@tempa=\box68
\@tempa=\box69
\@tempa=\box70
\@tempa=\box71
\@tempa=\box72
\@tempa=\box73
\@tempa=\box74
\@tempa=\box75
\@tempa=\box76
\@tempa=\box77
\@tempa=\box78
\@tempa=\box79
\@tempa=\box80
\@tempa=\box81
\@tempa=\box82
\@tempa=\box83
\@tempa=\box84
\@tempa=\box85
\@tempa=\box86
\@tempa=\box87
\@tempa=\box88
\c@minrows=\count173
\c@columnbadness=\count174
\c@finalcolumnbadness=\count175
\last@try=\dimen140
\multicolovershoot=\dimen141
\multicolundershoot=\dimen142
\mult@nat@firstbox=\box89
\colbreak@box=\box90
\mc@col@check@num=\count176
)
(/home/mallick/.TinyTeX/texmf-dist/tex/latex/setspace/setspace.sty
Package: setspace 2011/12/19 v6.7a set line spacing
)
(/home/mallick/.TinyTeX/texmf-dist/tex/latex/amsmath/amsmath.sty
Package: amsmath 2020/01/20 v2.17e AMS math features
\@mathmargin=\skip49

For additional information on amsmath, use the `?' option.
(/home/mallick/.TinyTeX/texmf-dist/tex/latex/amsmath/amstext.sty
Package: amstext 2000/06/29 v2.01 AMS text

(/home/mallick/.TinyTeX/texmf-dist/tex/latex/amsmath/amsgen.sty
File: amsgen.sty 1999/11/30 v2.0 generic functions
\@emptytoks=\toks15
\ex@=\dimen143
))
(/home/mallick/.TinyTeX/texmf-dist/tex/latex/amsmath/amsbsy.sty
Package: amsbsy 1999/11/29 v1.2d Bold Symbols
\pmbraise@=\dimen144
)
(/home/mallick/.TinyTeX/texmf-dist/tex/latex/amsmath/amsopn.sty
Package: amsopn 2016/03/08 v2.02 operator names
)
\inf@bad=\count177
LaTeX Info: Redefining \frac on input line 227.
\uproot@=\count178
\leftroot@=\count179
LaTeX Info: Redefining \overline on input line 389.
\classnum@=\count180
\DOTSCASE@=\count181
LaTeX Info: Redefining \ldots on input line 486.
LaTeX Info: Redefining \dots on input line 489.
LaTeX Info: Redefining \cdots on input line 610.
\Mathstrutbox@=\box91
\strutbox@=\box92
\big@size=\dimen145
LaTeX Font Info:    Redeclaring font encoding OML on input line 733.
LaTeX Font Info:    Redeclaring font encoding OMS on input line 734.
\macc@depth=\count182
\c@MaxMatrixCols=\count183
\dotsspace@=\muskip16
\c@parentequation=\count184
\dspbrk@lvl=\count185
\tag@help=\toks16
\row@=\count186
\column@=\count187
\maxfields@=\count188
\andhelp@=\toks17
\eqnshift@=\dimen146
\alignsep@=\dimen147
\tagshift@=\dimen148
\tagwidth@=\dimen149
\totwidth@=\dimen150
\lineht@=\dimen151
\@envbody=\toks18
\multlinegap=\skip50
\multlinetaggap=\skip51
\mathdisplay@stack=\toks19
LaTeX Info: Redefining \[ on input line 2859.
LaTeX Info: Redefining \] on input line 2860.
)
Journal Selected: AMERICAN ECONOMIC JOURNAL
Mode Selected: review
\abstractIndent=\skip52
\abstractWidth=\skip53
\c@part=\count189
\c@section=\count190
\c@subsection=\count191
\c@subsubsection=\count192
\c@paragraph=\count193
\c@subparagraph=\count194
\c@figure=\count195
\c@table=\count196
\abovecaptionskip=\skip54
\belowcaptionskip=\skip55
\bibindent=\dimen152
) (/home/mallick/.TinyTeX/texmf-dist/tex/latex/natbib/natbib.sty
Package: natbib 2010/09/13 8.31b (PWD, AO)
\bibhang=\skip56
\bibsep=\skip57
LaTeX Info: Redefining \cite on input line 694.
\c@NAT@ctr=\count197
)
(/home/mallick/.TinyTeX/texmf-dist/tex/latex/multirow/multirow.sty
Package: multirow 2019/05/31 v2.5 Span multiple rows of a table
\multirow@colwidth=\skip58
\multirow@cntb=\count198
\multirow@dima=\skip59
\bigstrutjot=\dimen153
)
(/home/mallick/.TinyTeX/texmf-dist/tex/latex/graphics/graphicx.sty
Package: graphicx 2019/11/30 v1.2a Enhanced LaTeX Graphics (DPC,SPQR)

(/home/mallick/.TinyTeX/texmf-dist/tex/latex/graphics/keyval.sty
Package: keyval 2014/10/28 v1.15 key=value parser (DPC)
\KV@toks@=\toks20
)
(/home/mallick/.TinyTeX/texmf-dist/tex/latex/graphics/graphics.sty
Package: graphics 2019/11/30 v1.4a Standard LaTeX Graphics (DPC,SPQR)

(/home/mallick/.TinyTeX/texmf-dist/tex/latex/graphics/trig.sty
Package: trig 2016/01/03 v1.10 sin cos tan (DPC)
)
(/home/mallick/.TinyTeX/texmf-dist/tex/latex/graphics-cfg/graphics.cfg
File: graphics.cfg 2016/06/04 v1.11 sample graphics configuration
)
Package graphics Info: Driver file: pdftex.def on input line 105.

(/home/mallick/.TinyTeX/texmf-dist/tex/latex/graphics-def/pdftex.def
File: pdftex.def 2018/01/08 v1.0l Graphics/color driver for pdftex
))
\Gin@req@height=\dimen154
\Gin@req@width=\dimen155
)
(/home/mallick/.TinyTeX/texmf-dist/tex/latex/tools/tabularx.sty
Package: tabularx 2020/01/15 v2.11c `tabularx' package (DPC)

(/home/mallick/.TinyTeX/texmf-dist/tex/latex/tools/array.sty
Package: array 2019/08/31 v2.4l Tabular extension package (FMi)
\col@sep=\dimen156
\ar@mcellbox=\box93
\extrarowheight=\dimen157
\NC@list=\toks21
\extratabsurround=\skip60
\backup@length=\skip61
\ar@cellbox=\box94
)
\TX@col@width=\dimen158
\TX@old@table=\dimen159
\TX@old@col=\dimen160
\TX@target=\dimen161
\TX@delta=\dimen162
\TX@cols=\count199
\TX@ftn=\toks22
)
(/home/mallick/.TinyTeX/texmf-dist/tex/latex/microtype/microtype.sty
Package: microtype 2019/11/18 v2.7d Micro-typographical refinements (RS)
\MT@toks=\toks23
\MT@count=\count266
LaTeX Info: Redefining \textls on input line 790.
\MT@outer@kern=\dimen163
LaTeX Info: Redefining \textmicrotypecontext on input line 1354.
\MT@listname@count=\count267

(/home/mallick/.TinyTeX/texmf-dist/tex/latex/microtype/microtype-pdftex.def
File: microtype-pdftex.def 2019/11/18 v2.7d Definitions specific to pdftex (RS)

LaTeX Info: Redefining \lsstyle on input line 914.
LaTeX Info: Redefining \lslig on input line 914.
\MT@outer@space=\skip62
)
Package microtype Info: Loading configuration file microtype.cfg.

(/home/mallick/.TinyTeX/texmf-dist/tex/latex/microtype/microtype.cfg
File: microtype.cfg 2019/11/18 v2.7d microtype main configuration file (RS)
))
(/home/mallick/.TinyTeX/texmf-dist/tex/latex/l3backend/l3backend-pdfmode.def
File: l3backend-pdfmode.def 2020-06-29 L3 backend support: PDF mode
\l__kernel_color_stack_int=\count268
\l__pdf_internal_box=\box95
)
(./onlineShoppingAndSalesTax.aux)
\openout1 = `onlineShoppingAndSalesTax.aux'.

LaTeX Font Info:    Checking defaults for OML/cmm/m/it on input line 30.
LaTeX Font Info:    ... okay on input line 30.
LaTeX Font Info:    Checking defaults for OMS/cmsy/m/n on input line 30.
LaTeX Font Info:    ... okay on input line 30.
LaTeX Font Info:    Checking defaults for OT1/cmr/m/n on input line 30.
LaTeX Font Info:    ... okay on input line 30.
LaTeX Font Info:    Checking defaults for T1/cmr/m/n on input line 30.
LaTeX Font Info:    ... okay on input line 30.
LaTeX Font Info:    Checking defaults for TS1/cmr/m/n on input line 30.
LaTeX Font Info:    ... okay on input line 30.
LaTeX Font Info:    Checking defaults for OMX/cmex/m/n on input line 30.
LaTeX Font Info:    ... okay on input line 30.
LaTeX Font Info:    Checking defaults for U/cmr/m/n on input line 30.
LaTeX Font Info:    ... okay on input line 30.

(/home/mallick/.TinyTeX/texmf-dist/tex/latex/epstopdf-pkg/epstopdf-base.sty
Package: epstopdf-base 2020-01-24 v2.11 Base part for package epstopdf
Package epstopdf-base Info: Redefining graphics rule for `.eps' on input line 4
85.

(/home/mallick/.TinyTeX/texmf-dist/tex/latex/latexconfig/epstopdf-sys.cfg
File: epstopdf-sys.cfg 2010/07/13 v1.3 Configuration of (r)epstopdf for TeX Liv
e
))
LaTeX Info: Redefining \microtypecontext on input line 30.
Package microtype Info: Generating PDF output.
Package microtype Info: Character protrusion enabled (level 2).
Package microtype Info: Using default protrusion set `alltext'.
Package microtype Info: Automatic font expansion enabled (level 2),
(microtype)             stretch: 20, shrink: 20, step: 1, non-selected.
Package microtype Info: Using default expansion set `basictext'.
LaTeX Info: Redefining \showhyphens on input line 30.
Package microtype Info: No adjustment of tracking.
Package microtype Info: No adjustment of interword spacing.
Package microtype Info: No adjustment of character kerning.

(/home/mallick/.TinyTeX/texmf-dist/tex/latex/microtype/mt-cmr.cfg
File: mt-cmr.cfg 2013/05/19 v2.2 microtype config. file: Computer Modern Roman 
(RS)
)
Package microtype Info: Loading generic protrusion settings for font family
(microtype)             `cmss' (encoding: OT1).
(microtype)             For optimal results, create family-specific settings.
(microtype)             See the microtype manual for details.

Underfull \hbox (badness 1210) in paragraph at lines 48--48
[][]\OT1/cmr/m/n/8 (+20) Federal Re-serve Bank of Philadel-phia, Ten In-de-pen-
dence Mall, Philadel-phia, PA, 19106,
 []

[1

{/home/mallick/.TinyTeX/texmf-var/fonts/map/pdftex/updmap/pdftex.map}]
Underfull \vbox (badness 10000) has occurred while \output is active []

 [2]
(../../finalTables/litReviewTable.tex) [3] [4] [5] [6] [7]
<../5_figures/taxRateByCounty.pdf, id=38, 433.62pt x 289.08pt>
File: ../5_figures/taxRateByCounty.pdf Graphic file (type pdf)
<use ../5_figures/taxRateByCounty.pdf>
Package pdftex.def Info: ../5_figures/taxRateByCounty.pdf  used on input line 9
5.
(pdftex.def)             Requested size: 346.97899pt x 231.33047pt.

Underfull \vbox (badness 10000) has occurred while \output is active []

 [8 <../5_figures/taxRateByCounty.pdf>] [9] (../../finalTables/noStars/spending
DiD.tex
Overfull \hbox (3.3293pt too wide) in paragraph at lines 26--26
[]|\OT1/cmr/m/n/10.95 (-20) Amazon| 
 []


Overfull \hbox (4.51555pt too wide) in paragraph at lines 26--26
[]|\OT1/cmr/m/n/10.95 (-20) Untaxed
 []


Underfull \hbox (badness 10000) in paragraph at lines 26--26
[]|\OT1/cmr/m/n/10.95 (+20) Taxed
 []


Overfull \hbox (3.3293pt too wide) in paragraph at lines 26--26
[]|\OT1/cmr/m/n/10.95 (-20) Amazon| 
 []


Overfull \hbox (4.51555pt too wide) in paragraph at lines 26--26
[]|\OT1/cmr/m/n/10.95 (-20) Untaxed
 []


Underfull \hbox (badness 10000) in paragraph at lines 26--26
[]|\OT1/cmr/m/n/10.95 (+20) Taxed
 []

)
Underfull \vbox (badness 10000) has occurred while \output is active []

 [10]
Underfull \vbox (badness 10000) has occurred while \output is active []

 [11]
(../../finalTables/noStars/browsingDiD.tex
Overfull \hbox (5.77785pt too wide) in paragraph at lines 28--28
[]|\OT1/cmr/m/n/10.95 (-20) Amazon| 
 []


Overfull \hbox (6.9641pt too wide) in paragraph at lines 28--28
[]|\OT1/cmr/m/n/10.95 (-20) Untaxed
 []


Underfull \hbox (badness 10000) in paragraph at lines 28--28
[]|\OT1/cmr/m/n/10.95 (+20) Taxed
 []


Overfull \hbox (5.77785pt too wide) in paragraph at lines 28--28
[]|\OT1/cmr/m/n/10.95 (-20) Amazon| 
 []


Overfull \hbox (6.9641pt too wide) in paragraph at lines 28--28
[]|\OT1/cmr/m/n/10.95 (-20) Untaxed
 []


Underfull \hbox (badness 10000) in paragraph at lines 28--28
[]|\OT1/cmr/m/n/10.95 (+20) Taxed
 []


Overfull \hbox (5.4798pt too wide) in paragraph at lines 28--28
[]|\OT1/cmr/m/n/10.95 (-20) (12.840)| 
 []

) [12] [13] [14] (../../finalTables/noStars/nielsenDiD.tex
Underfull \hbox (badness 10000) in paragraph at lines 26--26
[]|\OT1/cmr/m/n/10.95 (+20) Online
 []


Underfull \hbox (badness 10000) in paragraph at lines 26--26
[]|\OT1/cmr/m/n/10.95 (+20) Offline
 []

) [15] (./onlineShoppingAndSalesTax.bbl [16] [17]
Underfull \hbox (badness 2521) in paragraph at lines 86--89
[]\OT1/cmr/bx/n/10.95 Houde, Jean-Fran^^Xcois, Pe-ter New-berry, and Katja Seim
. \OT1/cmr/m/n/10.95 (+20) 2017.
 []

[18]) (../../finalTables/comScoreClean.tex)
(../../finalTables/comScoreSummaryStatsPanel.tex
Overfull \hbox (1.47685pt too wide) in paragraph at lines 21--21
[]|\OT1/cmr/m/n/10.95 (-20) Census
 []

) [19] (../../finalTables/transactionsClean.tex)
(../../finalTables/comScoreSummaryStats.tex
Overfull \hbox (8.90233pt too wide) in paragraph at lines 7--24
 [] 
 []

) (../../finalTables/comScoreSummaryStatsBrowsing.tex)
(../../finalTables/homeScanClean.tex [20] [21])
(../../finalTables/homescanSummaryStats.tex
Underfull \hbox (badness 10000) in paragraph at lines 20--20
[]|\OT1/cmr/m/n/10.95 (+20) Census
 []

) [22] [23] (./onlineShoppingAndSalesTax.aux) ) 
Here is how much of TeX's memory you used:
 4098 strings out of 482394
 63048 string characters out of 5946606
 352246 words of memory out of 5000000
 19672 multiletter control sequences out of 15000+600000
 545602 words of font info for 132 fonts, out of 8000000 for 9000
 14 hyphenation exceptions out of 8191
 38i,10n,42p,2612b,319s stack positions out of 5000i,500n,10000p,200000b,80000s
{/home/mallick/.TinyTeX/texmf-di
st/fonts/enc/dvips/cm-super/cm-super-ts1.enc}</home/mallick/.TinyTeX/texmf-dist
/fonts/type1/public/amsfonts/cm/cmbx10.pfb></home/mallick/.TinyTeX/texmf-dist/f
onts/type1/public/amsfonts/cm/cmcsc10.pfb></home/mallick/.TinyTeX/texmf-dist/fo
nts/type1/public/amsfonts/cm/cmmi10.pfb></home/mallick/.TinyTeX/texmf-dist/font
s/type1/public/amsfonts/cm/cmmi8.pfb></home/mallick/.TinyTeX/texmf-dist/fonts/t
ype1/public/amsfonts/cm/cmr10.pfb></home/mallick/.TinyTeX/texmf-dist/fonts/type
1/public/amsfonts/cm/cmr6.pfb></home/mallick/.TinyTeX/texmf-dist/fonts/type1/pu
blic/amsfonts/cm/cmr8.pfb></home/mallick/.TinyTeX/texmf-dist/fonts/type1/public
/amsfonts/cm/cmssbx10.pfb></home/mallick/.TinyTeX/texmf-dist/fonts/type1/public
/amsfonts/cm/cmsy10.pfb></home/mallick/.TinyTeX/texmf-dist/fonts/type1/public/a
msfonts/cm/cmsy8.pfb></home/mallick/.TinyTeX/texmf-dist/fonts/type1/public/amsf
onts/cm/cmti10.pfb></home/mallick/.TinyTeX/texmf-dist/fonts/type1/public/amsfon
ts/cm/cmti8.pfb></home/mallick/.TinyTeX/texmf-dist/fonts/type1/public/cm-super/
sfrm0600.pfb></home/mallick/.TinyTeX/texmf-dist/fonts/type1/public/cm-super/sfr
m0800.pfb></home/mallick/.TinyTeX/texmf-dist/fonts/type1/public/cm-super/sfrm10
95.pfb>
Output written on onlineShoppingAndSalesTax.pdf (23 pages, 903659 bytes).
PDF statistics:
 146 PDF objects out of 1000 (max. 8388607)
 102 compressed objects within 2 object streams
 0 named destinations out of 1000 (max. 500000)
 21510 words of extra memory for PDF output out of 24883 (max. 10000000)

